<?xml version="1.0" encoding="UTF-8"?>
<!-- Generated by org.testng.reporters.JUnitReportReporter -->
<testsuite skipped="0" hostname="SunnY" name="com.testcases.FlipkartLoginTestCases" tests="1" failures="0" timestamp="16 Sep 2020 08:35:34 GMT" time="0.850" errors="0">
  <testcase name="login" time="0.850" classname="com.testcases.FlipkartLoginTestCases"/>
</testsuite> <!-- com.testcases.FlipkartLoginTestCases -->
