<?xml version="1.0" encoding="UTF-8"?>
<!-- Generated by org.testng.reporters.JUnitReportReporter -->
<testsuite skipped="0" hostname="SunnY" name="com.testcases.OrangeHRMLoginTestCases" tests="1" failures="0" timestamp="16 Sep 2020 08:06:39 GMT" time="5.687" errors="0">
  <testcase name="login" time="5.687" classname="com.testcases.OrangeHRMLoginTestCases"/>
</testsuite> <!-- com.testcases.OrangeHRMLoginTestCases -->
