<?xml version="1.0" encoding="UTF-8"?>
<!-- Generated by org.testng.reporters.JUnitReportReporter -->
<testsuite skipped="0" hostname="SunnY" name="com.testng.OrangeHRMLogin" tests="1" failures="0" timestamp="2020-09-15T10:51:13 IST" time="18.478" errors="0">
  <testcase name="admin" time="18.478" classname="com.testng.OrangeHRMLogin"/>
  <system-out/>
</testsuite> <!-- com.testng.OrangeHRMLogin -->
