<?xml version="1.0" encoding="UTF-8"?>
<!-- Generated by org.testng.reporters.JUnitReportReporter -->
<testsuite skipped="0" hostname="SunnY" name="com.testng.PriorityTestCase" tests="3" failures="0" timestamp="2020-09-15T10:37:35 IST" time="0.015" errors="0">
  <testcase name="testCase3" time="0.011" classname="com.testng.PriorityTestCase"/>
  <system-out/>
  <testcase name="testCase1" time="0.002" classname="com.testng.PriorityTestCase"/>
  <system-out/>
  <testcase name="testCase2" time="0.002" classname="com.testng.PriorityTestCase"/>
  <system-out/>
</testsuite> <!-- com.testng.PriorityTestCase -->
