<?xml version="1.0" encoding="UTF-8"?>
<!-- Generated by org.testng.reporters.JUnitReportReporter -->
<testsuite skipped="0" hostname="SunnY" name="com.testng.CrossBrowser" tests="2" failures="0" timestamp="2020-09-15T14:35:54 IST" time="37.791" errors="0">
  <testcase name="orangeHRM" time="19.329" classname="com.testng.CrossBrowser"/>
  <system-out/>
  <testcase name="orangeHRM" time="18.462" classname="com.testng.CrossBrowser"/>
  <system-out/>
</testsuite> <!-- com.testng.CrossBrowser -->
