<?xml version="1.0" encoding="UTF-8"?>
<!-- Generated by org.testng.reporters.JUnitReportReporter -->
<testsuite skipped="0" hostname="SunnY" name="com.testng.FlipkartLoginTest" tests="1" failures="0" timestamp="2020-09-15T11:26:24 IST" time="0.698" errors="0">
  <testcase name="user" time="0.698" classname="com.testng.FlipkartLoginTest"/>
  <system-out/>
</testsuite> <!-- com.testng.FlipkartLoginTest -->
