<?xml version="1.0" encoding="UTF-8"?>
<!-- Generated by org.testng.reporters.JUnitReportReporter -->
<testsuite skipped="0" hostname="SunnY" name="com.testng.SampleTestCases" tests="3" failures="0" timestamp="2020-09-15T10:41:17 IST" time="0.017" errors="0">
  <testcase name="testCase2" time="0.004" classname="com.testng.SampleTestCases"/>
  <system-out/>
  <testcase name="testCase1" time="0.010" classname="com.testng.SampleTestCases"/>
  <system-out/>
  <testcase name="testCase3" time="0.003" classname="com.testng.SampleTestCases"/>
  <system-out/>
</testsuite> <!-- com.testng.SampleTestCases -->
